{
"contracts/Bondify.sol":{"l":{"22":27,"31":8,"32":5,"33":5,"34":5,"35":5,"36":5,"37":5,"38":5,"39":5,"40":5,"41":5,"42":5,"43":5,"44":5,"45":5,"50":8,"51":7,"52":6,"53":6,"54":6,"55":6,"56":6,"61":4,"62":4,"63":4,"64":4,"65":4,"66":4,"68":4,"69":4,"70":4,"72":4,"73":3,"75":3,"76":3,"77":3,"83":12,"84":12,"89":1,"90":1,"91":1,"92":1,"93":1},"path":"/Users/jwalinjoshi/Bondify/contracts/Bondify.sol","s":{"1":27,"2":8,"3":5,"4":5,"5":5,"6":5,"7":5,"8":5,"9":5,"10":5,"11":5,"12":5,"13":5,"14":5,"15":5,"16":5,"17":8,"18":7,"19":6,"20":6,"21":6,"22":6,"23":6,"24":4,"25":4,"26":4,"27":4,"28":4,"29":4,"30":4,"31":4,"32":4,"33":4,"34":3,"35":3,"36":3,"37":3,"38":1,"39":1,"40":1,"41":1,"42":1},"b":{"1":[7,1],"2":[6,1],"3":[5,1],"4":[4,0],"5":[4,0],"6":[4,0],"7":[4,0],"8":[3,1]},"f":{"1":27,"2":8,"3":8,"4":4,"5":1},"fnMap":{"1":{"name":"constructor","line":21,"loc":{"start":{"line":21,"column":2},"end":{"line":23,"column":4}}},"2":{"name":"createBond","line":29,"loc":{"start":{"line":29,"column":2},"end":{"line":47,"column":2}}},"3":{"name":"verifyBond","line":49,"loc":{"start":{"line":49,"column":2},"end":{"line":57,"column":2}}},"4":{"name":"excersizeBond","line":60,"loc":{"start":{"line":60,"column":2},"end":{"line":80,"column":2}}},"5":{"name":"withdraw","line":88,"loc":{"start":{"line":88,"column":2},"end":{"line":95,"column":2}}}},"statementMap":{"1":{"start":{"line":22,"column":4},"end":{"line":22,"column":19}},"2":{"start":{"line":31,"column":4},"end":{"line":31,"column":44}},"3":{"start":{"line":32,"column":4},"end":{"line":32,"column":36}},"4":{"start":{"line":33,"column":4},"end":{"line":33,"column":25}},"5":{"start":{"line":34,"column":4},"end":{"line":34,"column":34}},"6":{"start":{"line":35,"column":4},"end":{"line":35,"column":35}},"7":{"start":{"line":36,"column":4},"end":{"line":36,"column":47}},"8":{"start":{"line":37,"column":4},"end":{"line":37,"column":41}},"9":{"start":{"line":38,"column":4},"end":{"line":38,"column":35}},"10":{"start":{"line":39,"column":4},"end":{"line":39,"column":40}},"11":{"start":{"line":40,"column":4},"end":{"line":40,"column":44}},"12":{"start":{"line":41,"column":4},"end":{"line":41,"column":38}},"13":{"start":{"line":42,"column":4},"end":{"line":42,"column":53}},"14":{"start":{"line":43,"column":4},"end":{"line":43,"column":46}},"15":{"start":{"line":44,"column":4},"end":{"line":44,"column":41}},"16":{"start":{"line":45,"column":4},"end":{"line":45,"column":20}},"17":{"start":{"line":50,"column":4},"end":{"line":50,"column":60}},"18":{"start":{"line":51,"column":4},"end":{"line":51,"column":71}},"19":{"start":{"line":52,"column":4},"end":{"line":52,"column":34}},"20":{"start":{"line":53,"column":4},"end":{"line":53,"column":33}},"21":{"start":{"line":54,"column":4},"end":{"line":54,"column":41}},"22":{"start":{"line":55,"column":4},"end":{"line":55,"column":34}},"23":{"start":{"line":56,"column":4},"end":{"line":56,"column":64}},"24":{"start":{"line":61,"column":4},"end":{"line":61,"column":81}},"25":{"start":{"line":62,"column":4},"end":{"line":62,"column":56}},"26":{"start":{"line":63,"column":4},"end":{"line":63,"column":49}},"27":{"start":{"line":64,"column":4},"end":{"line":64,"column":45}},"28":{"start":{"line":65,"column":4},"end":{"line":65,"column":44}},"29":{"start":{"line":66,"column":4},"end":{"line":66,"column":36}},"30":{"start":{"line":68,"column":4},"end":{"line":68,"column":59}},"31":{"start":{"line":69,"column":4},"end":{"line":69,"column":69}},"32":{"start":{"line":70,"column":4},"end":{"line":70,"column":86}},"33":{"start":{"line":72,"column":4},"end":{"line":72,"column":95}},"34":{"start":{"line":73,"column":4},"end":{"line":73,"column":31}},"35":{"start":{"line":75,"column":4},"end":{"line":75,"column":55}},"36":{"start":{"line":76,"column":4},"end":{"line":76,"column":53}},"37":{"start":{"line":77,"column":4},"end":{"line":77,"column":40}},"38":{"start":{"line":89,"column":4},"end":{"line":89,"column":44}},"39":{"start":{"line":90,"column":4},"end":{"line":90,"column":41}},"40":{"start":{"line":91,"column":4},"end":{"line":91,"column":39}},"41":{"start":{"line":92,"column":4},"end":{"line":92,"column":30}},"42":{"start":{"line":93,"column":4},"end":{"line":93,"column":28}}},"branchMap":{"1":{"line":50,"type":"if","locations":[{"start":{"line":50,"column":4},"end":{"line":50,"column":4}},{"start":{"line":50,"column":4},"end":{"line":50,"column":4}}]},"2":{"line":51,"type":"if","locations":[{"start":{"line":51,"column":4},"end":{"line":51,"column":4}},{"start":{"line":51,"column":4},"end":{"line":51,"column":4}}]},"3":{"line":56,"type":"if","locations":[{"start":{"line":56,"column":4},"end":{"line":56,"column":4}},{"start":{"line":56,"column":4},"end":{"line":56,"column":4}}]},"4":{"line":61,"type":"if","locations":[{"start":{"line":61,"column":4},"end":{"line":61,"column":4}},{"start":{"line":61,"column":4},"end":{"line":61,"column":4}}]},"5":{"line":68,"type":"if","locations":[{"start":{"line":68,"column":4},"end":{"line":68,"column":4}},{"start":{"line":68,"column":4},"end":{"line":68,"column":4}}]},"6":{"line":69,"type":"if","locations":[{"start":{"line":69,"column":4},"end":{"line":69,"column":4}},{"start":{"line":69,"column":4},"end":{"line":69,"column":4}}]},"7":{"line":70,"type":"if","locations":[{"start":{"line":70,"column":4},"end":{"line":70,"column":4}},{"start":{"line":70,"column":4},"end":{"line":70,"column":4}}]},"8":{"line":72,"type":"if","locations":[{"start":{"line":72,"column":4},"end":{"line":72,"column":4}},{"start":{"line":72,"column":4},"end":{"line":72,"column":4}}]}}}}
