TN:
SF:/Users/jwalinjoshi/Bondify/contracts/Bondify.sol
FN:21,constructor
FN:29,createBond
FN:49,verifyBond
FN:60,excersizeBond
FN:88,withdraw
FNF:5
FNH:5
FNDA:27,constructor
FNDA:8,createBond
FNDA:8,verifyBond
FNDA:4,excersizeBond
FNDA:1,withdraw
DA:22,27
DA:31,8
DA:32,5
DA:33,5
DA:34,5
DA:35,5
DA:36,5
DA:37,5
DA:38,5
DA:39,5
DA:40,5
DA:41,5
DA:42,5
DA:43,5
DA:44,5
DA:45,5
DA:50,8
DA:51,7
DA:52,6
DA:53,6
DA:54,6
DA:55,6
DA:56,6
DA:61,4
DA:62,4
DA:63,4
DA:64,4
DA:65,4
DA:66,4
DA:68,4
DA:69,4
DA:70,4
DA:72,4
DA:73,3
DA:75,3
DA:76,3
DA:77,3
DA:83,12
DA:84,12
DA:89,1
DA:90,1
DA:91,1
DA:92,1
DA:93,1
LF:44
LH:44
BRDA:50,1,0,7
BRDA:50,1,1,1
BRDA:51,2,0,6
BRDA:51,2,1,1
BRDA:56,3,0,5
BRDA:56,3,1,1
BRDA:61,4,0,4
BRDA:61,4,1,0
BRDA:68,5,0,4
BRDA:68,5,1,0
BRDA:69,6,0,4
BRDA:69,6,1,0
BRDA:70,7,0,4
BRDA:70,7,1,0
BRDA:72,8,0,3
BRDA:72,8,1,1
BRF:16
BRH:12
end_of_record
